<?xml version="1.0" encoding="UTF-8"?>
<!-- Generated by org.testng.reporters.JUnitXMLReporter -->
<testsuite hostname="DESKTOP-9UQGMJ6" ignored="0" name="Default test" tests="4" failures="3" timestamp="11 Mar 2018 22:05:18 GMT" time="0.088" errors="0">
  <testcase name="LaunchApp" time="0.061" classname="Rippling.RipplingTests.Rippling"/>
  <testcase name="VerifyPhoneField" time="0.0" classname="Rippling.RipplingTests.Rippling">
    <failure type="org.testng.TestNGException" message="
Parameter &amp;apos;ValidPhoneNumber&amp;apos; is required by @Test on method VerifyPhoneField but has not been marked @Optional or defined
in C:\Users\SOUMIK\AppData\Local\Temp\testng-eclipse-975687577\testng-customsuite.xml">
      <![CDATA[org.testng.TestNGException: 
Parameter 'ValidPhoneNumber' is required by @Test on method VerifyPhoneField but has not been marked @Optional or defined
in C:\Users\SOUMIK\AppData\Local\Temp\testng-eclipse-975687577\testng-customsuite.xml
	at org.testng.internal.Parameters.createParams(Parameters.java:248)
	at org.testng.internal.Parameters.createParametersForMethod(Parameters.java:286)
	at org.testng.internal.Parameters.createParameters(Parameters.java:547)
	at org.testng.internal.Parameters.handleParameters(Parameters.java:672)
	at org.testng.internal.Invoker.handleParameters(Invoker.java:1316)
	at org.testng.internal.Invoker.createParameters(Invoker.java:1044)
	at org.testng.internal.Invoker.invokeTestMethods(Invoker.java:1134)
	at org.testng.internal.TestMethodWorker.invokeTestMethods(TestMethodWorker.java:125)
	at org.testng.internal.TestMethodWorker.run(TestMethodWorker.java:109)
	at org.testng.TestRunner.privateRun(TestRunner.java:776)
	at org.testng.TestRunner.run(TestRunner.java:634)
	at org.testng.SuiteRunner.runTest(SuiteRunner.java:425)
	at org.testng.SuiteRunner.runSequentially(SuiteRunner.java:420)
	at org.testng.SuiteRunner.privateRun(SuiteRunner.java:385)
	at org.testng.SuiteRunner.run(SuiteRunner.java:334)
	at org.testng.SuiteRunnerWorker.runSuite(SuiteRunnerWorker.java:52)
	at org.testng.SuiteRunnerWorker.run(SuiteRunnerWorker.java:86)
	at org.testng.TestNG.runSuitesSequentially(TestNG.java:1318)
	at org.testng.TestNG.runSuitesLocally(TestNG.java:1243)
	at org.testng.TestNG.runSuites(TestNG.java:1161)
	at org.testng.TestNG.run(TestNG.java:1129)
	at org.testng.remote.AbstractRemoteTestNG.run(AbstractRemoteTestNG.java:114)
	at org.testng.remote.RemoteTestNG.initAndRun(RemoteTestNG.java:251)
	at org.testng.remote.RemoteTestNG.main(RemoteTestNG.java:77)
]]>
    </failure>
  </testcase> <!-- VerifyPhoneField -->
  <testcase name="VerifyPhoneFieldWithInvalidData" time="0.0" classname="Rippling.RipplingTests.Rippling">
    <failure type="org.testng.TestNGException" message="
Parameter &amp;apos;InvalidPhoneNumber&amp;apos; is required by @Test on method VerifyPhoneFieldWithInvalidData but has not been marked @Optional or defined
in C:\Users\SOUMIK\AppData\Local\Temp\testng-eclipse-975687577\testng-customsuite.xml">
      <![CDATA[org.testng.TestNGException: 
Parameter 'InvalidPhoneNumber' is required by @Test on method VerifyPhoneFieldWithInvalidData but has not been marked @Optional or defined
in C:\Users\SOUMIK\AppData\Local\Temp\testng-eclipse-975687577\testng-customsuite.xml
	at org.testng.internal.Parameters.createParams(Parameters.java:248)
	at org.testng.internal.Parameters.createParametersForMethod(Parameters.java:286)
	at org.testng.internal.Parameters.createParameters(Parameters.java:547)
	at org.testng.internal.Parameters.handleParameters(Parameters.java:672)
	at org.testng.internal.Invoker.handleParameters(Invoker.java:1316)
	at org.testng.internal.Invoker.createParameters(Invoker.java:1044)
	at org.testng.internal.Invoker.invokeTestMethods(Invoker.java:1134)
	at org.testng.internal.TestMethodWorker.invokeTestMethods(TestMethodWorker.java:125)
	at org.testng.internal.TestMethodWorker.run(TestMethodWorker.java:109)
	at org.testng.TestRunner.privateRun(TestRunner.java:776)
	at org.testng.TestRunner.run(TestRunner.java:634)
	at org.testng.SuiteRunner.runTest(SuiteRunner.java:425)
	at org.testng.SuiteRunner.runSequentially(SuiteRunner.java:420)
	at org.testng.SuiteRunner.privateRun(SuiteRunner.java:385)
	at org.testng.SuiteRunner.run(SuiteRunner.java:334)
	at org.testng.SuiteRunnerWorker.runSuite(SuiteRunnerWorker.java:52)
	at org.testng.SuiteRunnerWorker.run(SuiteRunnerWorker.java:86)
	at org.testng.TestNG.runSuitesSequentially(TestNG.java:1318)
	at org.testng.TestNG.runSuitesLocally(TestNG.java:1243)
	at org.testng.TestNG.runSuites(TestNG.java:1161)
	at org.testng.TestNG.run(TestNG.java:1129)
	at org.testng.remote.AbstractRemoteTestNG.run(AbstractRemoteTestNG.java:114)
	at org.testng.remote.RemoteTestNG.initAndRun(RemoteTestNG.java:251)
	at org.testng.remote.RemoteTestNG.main(RemoteTestNG.java:77)
]]>
    </failure>
  </testcase> <!-- VerifyPhoneFieldWithInvalidData -->
  <testcase name="VerifyPhoneFieldWithAlphanumericData" time="0.0" classname="Rippling.RipplingTests.Rippling">
    <failure type="org.testng.TestNGException" message="
Parameter &amp;apos;AlphanumericData&amp;apos; is required by @Test on method VerifyPhoneFieldWithAlphanumericData but has not been marked @Optional or defined
in C:\Users\SOUMIK\AppData\Local\Temp\testng-eclipse-975687577\testng-customsuite.xml">
      <![CDATA[org.testng.TestNGException: 
Parameter 'AlphanumericData' is required by @Test on method VerifyPhoneFieldWithAlphanumericData but has not been marked @Optional or defined
in C:\Users\SOUMIK\AppData\Local\Temp\testng-eclipse-975687577\testng-customsuite.xml
	at org.testng.internal.Parameters.createParams(Parameters.java:248)
	at org.testng.internal.Parameters.createParametersForMethod(Parameters.java:286)
	at org.testng.internal.Parameters.createParameters(Parameters.java:547)
	at org.testng.internal.Parameters.handleParameters(Parameters.java:672)
	at org.testng.internal.Invoker.handleParameters(Invoker.java:1316)
	at org.testng.internal.Invoker.createParameters(Invoker.java:1044)
	at org.testng.internal.Invoker.invokeTestMethods(Invoker.java:1134)
	at org.testng.internal.TestMethodWorker.invokeTestMethods(TestMethodWorker.java:125)
	at org.testng.internal.TestMethodWorker.run(TestMethodWorker.java:109)
	at org.testng.TestRunner.privateRun(TestRunner.java:776)
	at org.testng.TestRunner.run(TestRunner.java:634)
	at org.testng.SuiteRunner.runTest(SuiteRunner.java:425)
	at org.testng.SuiteRunner.runSequentially(SuiteRunner.java:420)
	at org.testng.SuiteRunner.privateRun(SuiteRunner.java:385)
	at org.testng.SuiteRunner.run(SuiteRunner.java:334)
	at org.testng.SuiteRunnerWorker.runSuite(SuiteRunnerWorker.java:52)
	at org.testng.SuiteRunnerWorker.run(SuiteRunnerWorker.java:86)
	at org.testng.TestNG.runSuitesSequentially(TestNG.java:1318)
	at org.testng.TestNG.runSuitesLocally(TestNG.java:1243)
	at org.testng.TestNG.runSuites(TestNG.java:1161)
	at org.testng.TestNG.run(TestNG.java:1129)
	at org.testng.remote.AbstractRemoteTestNG.run(AbstractRemoteTestNG.java:114)
	at org.testng.remote.RemoteTestNG.initAndRun(RemoteTestNG.java:251)
	at org.testng.remote.RemoteTestNG.main(RemoteTestNG.java:77)
]]>
    </failure>
  </testcase> <!-- VerifyPhoneFieldWithAlphanumericData -->
</testsuite> <!-- Default test -->
